# JRE version: Java(TM) SE Runtime Environment (24.0.1+9) (build 24.0.1+9-30)
# Java VM: Java HotSpot(TM) 64-Bit Server VM (24.0.1+9-30, mixed mode, sharing, tiered, compressed oops, compressed class ptrs, g1 gc, windows-amd64)
GC Precious Log:
 CardTable entry size: 512
 Card Set container configuration: InlinePtr #cards 4 size 8 Array Of Cards #cards 16 size 48 Howl #buckets 8 coarsen threshold 3686 Howl Bitmap #cards 512 size 80 coarsen threshold 460 Card regions per heap region 1 cards per card region 4096
 CPUs: 8 total, 8 available
 Memory: 16251M
 Large Page Support: Disabled
 NUMA Support: Disabled
 Compressed Oops: Enabled (Zero based)
 Heap Region Size: 2M
 Heap Min Capacity: 8M
 Heap Initial Capacity: 254M
 Heap Max Capacity: 4064M
 Pre-touch: Disabled
 Parallel Workers: 8
 Concurrent Workers: 2
 Concurrent Refinement Workers: 8
 Periodic GC: Disabled
Heap:
 garbage-first heap   total reserved 4161536K, committed 110592K, used 60663K [0x0000000702000000, 0x0000000800000000)
  region size 2048K, 17 young (34816K), 3 survivors (6144K)
 Metaspace       used 72925K, committed 73536K, reserved 1179648K
  class space    used 7718K, committed 8000K, reserved 1048576K
GC Heap History (20 events):
Event: 3.774 GC heap before
{Heap before GC invocations=4 (full 0):
 garbage-first heap   total reserved 4161536K, committed 55296K, used 35564K [0x0000000702000000, 0x0000000800000000)
  region size 2048K, 12 young (24576K), 2 survivors (4096K)
 Metaspace       used 27865K, committed 28160K, reserved 1114112K
  class space    used 2836K, committed 2944K, reserved 1048576K
}
Event: 3.784 GC heap after
{Heap after GC invocations=5 (full 0):
 garbage-first heap   total reserved 4161536K, committed 55296K, used 19377K [0x0000000702000000, 0x0000000800000000)
  region size 2048K, 1 young (2048K), 1 survivors (2048K)
 Metaspace       used 27865K, committed 28160K, reserved 1114112K
  class space    used 2836K, committed 2944K, reserved 1048576K
}
Event: 4.393 GC heap before
{Heap before GC invocations=5 (full 0):
 garbage-first heap   total reserved 4161536K, committed 55296K, used 41905K [0x0000000702000000, 0x0000000800000000)
  region size 2048K, 12 young (24576K), 1 survivors (2048K)
 Metaspace       used 32471K, committed 32832K, reserved 1114112K
  class space    used 3361K, committed 3520K, reserved 1048576K
}
Event: 4.399 GC heap after
{Heap after GC invocations=6 (full 0):
 garbage-first heap   total reserved 4161536K, committed 55296K, used 21075K [0x0000000702000000, 0x0000000800000000)
  region size 2048K, 2 young (4096K), 2 survivors (4096K)
 Metaspace       used 32471K, committed 32832K, reserved 1114112K
  class space    used 3361K, committed 3520K, reserved 1048576K
}
Event: 4.820 GC heap before
{Heap before GC invocations=6 (full 0):
 garbage-first heap   total reserved 4161536K, committed 55296K, used 35411K [0x0000000702000000, 0x0000000800000000)
  region size 2048K, 10 young (20480K), 2 survivors (4096K)
 Metaspace       used 35735K, committed 36160K, reserved 1114112K
  class space    used 3708K, committed 3904K, reserved 1048576K
}
Event: 4.825 GC heap after
{Heap after GC invocations=7 (full 0):
 garbage-first heap   total reserved 4161536K, committed 55296K, used 22686K [0x0000000702000000, 0x0000000800000000)
  region size 2048K, 2 young (4096K), 2 survivors (4096K)
 Metaspace       used 35735K, committed 36160K, reserved 1114112K
  class space    used 3708K, committed 3904K, reserved 1048576K
}
Event: 5.353 GC heap before
{Heap before GC invocations=8 (full 0):
 garbage-first heap   total reserved 4161536K, committed 55296K, used 41118K [0x0000000702000000, 0x0000000800000000)
  region size 2048K, 12 young (24576K), 2 survivors (4096K)
 Metaspace       used 41508K, committed 41984K, reserved 1114112K
  class space    used 4319K, committed 4544K, reserved 1048576K
}
Event: 5.358 GC heap after
{Heap after GC invocations=9 (full 0):
 garbage-first heap   total reserved 4161536K, committed 55296K, used 24035K [0x0000000702000000, 0x0000000800000000)
  region size 2048K, 2 young (4096K), 2 survivors (4096K)
 Metaspace       used 41508K, committed 41984K, reserved 1114112K
  class space    used 4319K, committed 4544K, reserved 1048576K
}
Event: 5.810 GC heap before
{Heap before GC invocations=9 (full 0):
 garbage-first heap   total reserved 4161536K, committed 55296K, used 42467K [0x0000000702000000, 0x0000000800000000)
  region size 2048K, 12 young (24576K), 2 survivors (4096K)
 Metaspace       used 48246K, committed 48704K, reserved 1114112K
  class space    used 4994K, committed 5184K, reserved 1048576K
}
Event: 5.815 GC heap after
{Heap after GC invocations=10 (full 0):
 garbage-first heap   total reserved 4161536K, committed 55296K, used 25106K [0x0000000702000000, 0x0000000800000000)
  region size 2048K, 2 young (4096K), 2 survivors (4096K)
 Metaspace       used 48246K, committed 48704K, reserved 1114112K
  class space    used 4994K, committed 5184K, reserved 1048576K
}
Event: 6.299 GC heap before
{Heap before GC invocations=10 (full 0):
 garbage-first heap   total reserved 4161536K, committed 55296K, used 43538K [0x0000000702000000, 0x0000000800000000)
  region size 2048K, 12 young (24576K), 2 survivors (4096K)
 Metaspace       used 53875K, committed 54336K, reserved 1114112K
  class space    used 5687K, committed 5888K, reserved 1048576K
}
Event: 6.303 GC heap after
{Heap after GC invocations=11 (full 0):
 garbage-first heap   total reserved 4161536K, committed 55296K, used 26674K [0x0000000702000000, 0x0000000800000000)
  region size 2048K, 2 young (4096K), 2 survivors (4096K)
 Metaspace       used 53875K, committed 54336K, reserved 1114112K
  class space    used 5687K, committed 5888K, reserved 1048576K
}
Event: 6.877 GC heap before
{Heap before GC invocations=11 (full 0):
 garbage-first heap   total reserved 4161536K, committed 55296K, used 43058K [0x0000000702000000, 0x0000000800000000)
  region size 2048K, 11 young (22528K), 2 survivors (4096K)
 Metaspace       used 56478K, committed 56960K, reserved 1114112K
  class space    used 5970K, committed 6144K, reserved 1048576K
}
Event: 6.883 GC heap after
{Heap after GC invocations=12 (full 0):
 garbage-first heap   total reserved 4161536K, committed 55296K, used 29148K [0x0000000702000000, 0x0000000800000000)
  region size 2048K, 2 young (4096K), 2 survivors (4096K)
 Metaspace       used 56478K, committed 56960K, reserved 1114112K
  class space    used 5970K, committed 6144K, reserved 1048576K
}
Event: 7.286 GC heap before
{Heap before GC invocations=12 (full 0):
 garbage-first heap   total reserved 4161536K, committed 55296K, used 45532K [0x0000000702000000, 0x0000000800000000)
  region size 2048K, 10 young (20480K), 2 survivors (4096K)
 Metaspace       used 58568K, committed 59008K, reserved 1114112K
  class space    used 6267K, committed 6464K, reserved 1048576K
}
Event: 7.292 GC heap after
{Heap after GC invocations=13 (full 0):
 garbage-first heap   total reserved 4161536K, committed 157696K, used 30456K [0x0000000702000000, 0x0000000800000000)
  region size 2048K, 1 young (2048K), 1 survivors (2048K)
 Metaspace       used 58568K, committed 59008K, reserved 1114112K
  class space    used 6267K, committed 6464K, reserved 1048576K
}
Event: 9.142 GC heap before
{Heap before GC invocations=14 (full 0):
 garbage-first heap   total reserved 4161536K, committed 110592K, used 93944K [0x0000000702000000, 0x0000000800000000)
  region size 2048K, 32 young (65536K), 1 survivors (2048K)
 Metaspace       used 71611K, committed 72256K, reserved 1114112K
  class space    used 7593K, committed 7872K, reserved 1048576K
}
Event: 9.152 GC heap after
{Heap after GC invocations=15 (full 0):
 garbage-first heap   total reserved 4161536K, committed 110592K, used 34150K [0x0000000702000000, 0x0000000800000000)
  region size 2048K, 3 young (6144K), 3 survivors (6144K)
 Metaspace       used 71611K, committed 72256K, reserved 1114112K
  class space    used 7593K, committed 7872K, reserved 1048576K
}
Event: 315.367 GC heap before
{Heap before GC invocations=15 (full 0):
 garbage-first heap   total reserved 4161536K, committed 110592K, used 87398K [0x0000000702000000, 0x0000000800000000)
  region size 2048K, 29 young (59392K), 3 survivors (6144K)
 Metaspace       used 72888K, committed 73536K, reserved 1179648K
  class space    used 7718K, committed 8000K, reserved 1048576K
}
Event: 315.377 GC heap after
{Heap after GC invocations=16 (full 0):
 garbage-first heap   total reserved 4161536K, committed 110592K, used 34039K [0x0000000702000000, 0x0000000800000000)
  region size 2048K, 3 young (6144K), 3 survivors (6144K)
 Metaspace       used 72888K, committed 73536K, reserved 1179648K
  class space    used 7718K, committed 8000K, reserved 1048576K
}

